PROGRAM    
VAR        
IDENT      N
AS         
INT        
SC         
VAR        
IDENT      SQRT
AS         
INT        
SC         
BEGIN      
IDENT      N
ASGN       
READINT    
SC         
IDENT      SQRT
ASGN       
NUM        0
SC         
WHILE      
IDENT      SQRT
OP2        *
IDENT      SQRT
OP4        <=
IDENT      N
DO         
IDENT      SQRT
ASGN       
IDENT      SQRT
OP3        +
NUM        1
SC         
END        
SC         
IDENT      SQRT
ASGN       
IDENT      SQRT
OP3        -
NUM        1
SC         
WRITEINT   
IDENT      SQRT
SC         
END        
